<?xml version="1.0" encoding="UTF-8"?>
<testng-results ignored="0" total="1" passed="1" failed="0" skipped="0">
  <reporter-output>
  </reporter-output>
  <suite started-at="2025-09-30T20:12:08 GMT-05:00" name="OrangeHRM Mini Suite" finished-at="2025-09-30T20:13:37 GMT-05:00" duration-ms="89187">
    <groups>
    </groups>
    <test started-at="2025-09-30T20:12:08 GMT-05:00" name="Login Tests" finished-at="2025-09-30T20:13:37 GMT-05:00" duration-ms="89187">
      <class name="tests.LoginTest">
        <test-method is-config="true" signature="setUp()[pri:0, instance:tests.LoginTest@5e0e82ae]" started-at="2025-09-30T20:12:08 GMT-05:00" name="setUp" finished-at="2025-09-30T20:12:55 GMT-05:00" duration-ms="46911" status="PASS">
          <reporter-output>
          </reporter-output>
        </test-method> <!-- setUp -->
        <test-method signature="userCanLogin()[pri:0, instance:tests.LoginTest@5e0e82ae]" started-at="2025-09-30T20:12:55 GMT-05:00" name="userCanLogin" description="Verify user can login and land on Dashboard" finished-at="2025-09-30T20:13:26 GMT-05:00" duration-ms="31085" status="PASS">
          <reporter-output>
          </reporter-output>
        </test-method> <!-- userCanLogin -->
        <test-method is-config="true" signature="tearDown()[pri:0, instance:tests.LoginTest@5e0e82ae]" started-at="2025-09-30T20:13:26 GMT-05:00" name="tearDown" finished-at="2025-09-30T20:13:37 GMT-05:00" duration-ms="11117" status="PASS">
          <reporter-output>
          </reporter-output>
        </test-method> <!-- tearDown -->
      </class> <!-- tests.LoginTest -->
    </test> <!-- Login Tests -->
  </suite> <!-- OrangeHRM Mini Suite -->
</testng-results>
